The system is: Linux - 4.13.0-26-generic - x86_64
Compiling the C compiler identification source file "CMakeCCompilerId.c" succeeded.
Compiler: /usr/bin/cc 
Build flags: 
Id flags: 

The output was:
0


Compilation of the C compiler identification source "CMakeCCompilerId.c" produced "a.out"

The C compiler identification is GNU, found in "/media/kevinxiao/Data/Kevin/Documents/Repositories/CS488/cs488-assignments/shared/glfw-3.1.1/build/CMakeFiles/3.5.1/CompilerIdC/a.out"

Determining if the C compiler works passed with the following output:
Change Dir: /media/kevinxiao/Data/Kevin/Documents/Repositories/CS488/cs488-assignments/shared/glfw-3.1.1/build/CMakeFiles/CMakeTmp

Run Build Command:"/usr/bin/make" "cmTC_0eaa2/fast"
/usr/bin/make -f CMakeFiles/cmTC_0eaa2.dir/build.make CMakeFiles/cmTC_0eaa2.dir/build
make[1]: Entering directory '/media/kevinxiao/Data/Kevin/Documents/Repositories/CS488/cs488-assignments/shared/glfw-3.1.1/build/CMakeFiles/CMakeTmp'
Building C object CMakeFiles/cmTC_0eaa2.dir/testCCompiler.c.o
/usr/bin/cc     -o CMakeFiles/cmTC_0eaa2.dir/testCCompiler.c.o   -c /media/kevinxiao/Data/Kevin/Documents/Repositories/CS488/cs488-assignments/shared/glfw-3.1.1/build/CMakeFiles/CMakeTmp/testCCompiler.c
Linking C executable cmTC_0eaa2
/usr/bin/cmake -E cmake_link_script CMakeFiles/cmTC_0eaa2.dir/link.txt --verbose=1
/usr/bin/cc       CMakeFiles/cmTC_0eaa2.dir/testCCompiler.c.o  -o cmTC_0eaa2 -rdynamic 
make[1]: Leaving directory '/media/kevinxiao/Data/Kevin/Documents/Repositories/CS488/cs488-assignments/shared/glfw-3.1.1/build/CMakeFiles/CMakeTmp'


Detecting C compiler ABI info compiled with the following output:
Change Dir: /media/kevinxiao/Data/Kevin/Documents/Repositories/CS488/cs488-assignments/shared/glfw-3.1.1/build/CMakeFiles/CMakeTmp

Run Build Command:"/usr/bin/make" "cmTC_57098/fast"
/usr/bin/make -f CMakeFiles/cmTC_57098.dir/build.make CMakeFiles/cmTC_57098.dir/build
make[1]: Entering directory '/media/kevinxiao/Data/Kevin/Documents/Repositories/CS488/cs488-assignments/shared/glfw-3.1.1/build/CMakeFiles/CMakeTmp'
Building C object CMakeFiles/cmTC_57098.dir/CMakeCCompilerABI.c.o
/usr/bin/cc     -o CMakeFiles/cmTC_57098.dir/CMakeCCompilerABI.c.o   -c /usr/share/cmake-3.5/Modules/CMakeCCompilerABI.c
Linking C executable cmTC_57098
/usr/bin/cmake -E cmake_link_script CMakeFiles/cmTC_57098.dir/link.txt --verbose=1
/usr/bin/cc      -v CMakeFiles/cmTC_57098.dir/CMakeCCompilerABI.c.o  -o cmTC_57098 -rdynamic  
Using built-in specs.
COLLECT_GCC=/usr/bin/cc
COLLECT_LTO_WRAPPER=/usr/lib/gcc/x86_64-linux-gnu/5/lto-wrapper
Target: x86_64-linux-gnu
Configured with: ../src/configure -v --with-pkgversion='Ubuntu 5.4.0-6ubuntu1~16.04.5' --with-bugurl=file:///usr/share/doc/gcc-5/README.Bugs --enable-languages=c,ada,c++,java,go,d,fortran,objc,obj-c++ --prefix=/usr --program-suffix=-5 --enable-shared --enable-linker-build-id --libexecdir=/usr/lib --without-included-gettext --enable-threads=posix --libdir=/usr/lib --enable-nls --with-sysroot=/ --enable-clocale=gnu --enable-libstdcxx-debug --enable-libstdcxx-time=yes --with-default-libstdcxx-abi=new --enable-gnu-unique-object --disable-vtable-verify --enable-libmpx --enable-plugin --with-system-zlib --disable-browser-plugin --enable-java-awt=gtk --enable-gtk-cairo --with-java-home=/usr/lib/jvm/java-1.5.0-gcj-5-amd64/jre --enable-java-home --with-jvm-root-dir=/usr/lib/jvm/java-1.5.0-gcj-5-amd64 --with-jvm-jar-dir=/usr/lib/jvm-exports/java-1.5.0-gcj-5-amd64 --with-arch-directory=amd64 --with-ecj-jar=/usr/share/java/eclipse-ecj.jar --enable-objc-gc --enable-multiarch --disable-werror --with-arch-32=i686 --with-abi=m64 --with-multilib-list=m32,m64,mx32 --enable-multilib --with-tune=generic --enable-checking=release --build=x86_64-linux-gnu --host=x86_64-linux-gnu --target=x86_64-linux-gnu
Thread model: posix
gcc version 5.4.0 20160609 (Ubuntu 5.4.0-6ubuntu1~16.04.5) 
COMPILER_PATH=/usr/lib/gcc/x86_64-linux-gnu/5/:/usr/lib/gcc/x86_64-linux-gnu/5/:/usr/lib/gcc/x86_64-linux-gnu/:/usr/lib/gcc/x86_64-linux-gnu/5/:/usr/lib/gcc/x86_64-linux-gnu/
LIBRARY_PATH=/usr/lib/gcc/x86_64-linux-gnu/5/:/usr/lib/gcc/x86_64-linux-gnu/5/../../../x86_64-linux-gnu/:/usr/lib/gcc/x86_64-linux-gnu/5/../../../../lib/:/lib/x86_64-linux-gnu/:/lib/../lib/:/usr/lib/x86_64-linux-gnu/:/usr/lib/../lib/:/usr/lib/gcc/x86_64-linux-gnu/5/../../../:/lib/:/usr/lib/
COLLECT_GCC_OPTIONS='-v' '-o' 'cmTC_57098' '-rdynamic' '-mtune=generic' '-march=x86-64'
 /usr/lib/gcc/x86_64-linux-gnu/5/collect2 -plugin /usr/lib/gcc/x86_64-linux-gnu/5/liblto_plugin.so -plugin-opt=/usr/lib/gcc/x86_64-linux-gnu/5/lto-wrapper -plugin-opt=-fresolution=/tmp/ccs7Fob2.res -plugin-opt=-pass-through=-lgcc -plugin-opt=-pass-through=-lgcc_s -plugin-opt=-pass-through=-lc -plugin-opt=-pass-through=-lgcc -plugin-opt=-pass-through=-lgcc_s --sysroot=/ --build-id --eh-frame-hdr -m elf_x86_64 --hash-style=gnu --as-needed -export-dynamic -dynamic-linker /lib64/ld-linux-x86-64.so.2 -z relro -o cmTC_57098 /usr/lib/gcc/x86_64-linux-gnu/5/../../../x86_64-linux-gnu/crt1.o /usr/lib/gcc/x86_64-linux-gnu/5/../../../x86_64-linux-gnu/crti.o /usr/lib/gcc/x86_64-linux-gnu/5/crtbegin.o -L/usr/lib/gcc/x86_64-linux-gnu/5 -L/usr/lib/gcc/x86_64-linux-gnu/5/../../../x86_64-linux-gnu -L/usr/lib/gcc/x86_64-linux-gnu/5/../../../../lib -L/lib/x86_64-linux-gnu -L/lib/../lib -L/usr/lib/x86_64-linux-gnu -L/usr/lib/../lib -L/usr/lib/gcc/x86_64-linux-gnu/5/../../.. CMakeFiles/cmTC_57098.dir/CMakeCCompilerABI.c.o -lgcc --as-needed -lgcc_s --no-as-needed -lc -lgcc --as-needed -lgcc_s --no-as-needed /usr/lib/gcc/x86_64-linux-gnu/5/crtend.o /usr/lib/gcc/x86_64-linux-gnu/5/../../../x86_64-linux-gnu/crtn.o
make[1]: Leaving directory '/media/kevinxiao/Data/Kevin/Documents/Repositories/CS488/cs488-assignments/shared/glfw-3.1.1/build/CMakeFiles/CMakeTmp'


Parsed C implicit link information from above output:
  link line regex: [^( *|.*[/\])(ld|([^/\]+-)?ld|collect2)[^/\]*( |$)]
  ignore line: [Change Dir: /media/kevinxiao/Data/Kevin/Documents/Repositories/CS488/cs488-assignments/shared/glfw-3.1.1/build/CMakeFiles/CMakeTmp]
  ignore line: []
  ignore line: [Run Build Command:"/usr/bin/make" "cmTC_57098/fast"]
  ignore line: [/usr/bin/make -f CMakeFiles/cmTC_57098.dir/build.make CMakeFiles/cmTC_57098.dir/build]
  ignore line: [make[1]: Entering directory '/media/kevinxiao/Data/Kevin/Documents/Repositories/CS488/cs488-assignments/shared/glfw-3.1.1/build/CMakeFiles/CMakeTmp']
  ignore line: [Building C object CMakeFiles/cmTC_57098.dir/CMakeCCompilerABI.c.o]
  ignore line: [/usr/bin/cc     -o CMakeFiles/cmTC_57098.dir/CMakeCCompilerABI.c.o   -c /usr/share/cmake-3.5/Modules/CMakeCCompilerABI.c]
  ignore line: [Linking C executable cmTC_57098]
  ignore line: [/usr/bin/cmake -E cmake_link_script CMakeFiles/cmTC_57098.dir/link.txt --verbose=1]
  ignore line: [/usr/bin/cc      -v CMakeFiles/cmTC_57098.dir/CMakeCCompilerABI.c.o  -o cmTC_57098 -rdynamic  ]
  ignore line: [Using built-in specs.]
  ignore line: [COLLECT_GCC=/usr/bin/cc]
  ignore line: [COLLECT_LTO_WRAPPER=/usr/lib/gcc/x86_64-linux-gnu/5/lto-wrapper]
  ignore line: [Target: x86_64-linux-gnu]
  ignore line: [Configured with: ../src/configure -v --with-pkgversion='Ubuntu 5.4.0-6ubuntu1~16.04.5' --with-bugurl=file:///usr/share/doc/gcc-5/README.Bugs --enable-languages=c,ada,c++,java,go,d,fortran,objc,obj-c++ --prefix=/usr --program-suffix=-5 --enable-shared --enable-linker-build-id --libexecdir=/usr/lib --without-included-gettext --enable-threads=posix --libdir=/usr/lib --enable-nls --with-sysroot=/ --enable-clocale=gnu --enable-libstdcxx-debug --enable-libstdcxx-time=yes --with-default-libstdcxx-abi=new --enable-gnu-unique-object --disable-vtable-verify --enable-libmpx --enable-plugin --with-system-zlib --disable-browser-plugin --enable-java-awt=gtk --enable-gtk-cairo --with-java-home=/usr/lib/jvm/java-1.5.0-gcj-5-amd64/jre --enable-java-home --with-jvm-root-dir=/usr/lib/jvm/java-1.5.0-gcj-5-amd64 --with-jvm-jar-dir=/usr/lib/jvm-exports/java-1.5.0-gcj-5-amd64 --with-arch-directory=amd64 --with-ecj-jar=/usr/share/java/eclipse-ecj.jar --enable-objc-gc --enable-multiarch --disable-werror --with-arch-32=i686 --with-abi=m64 --with-multilib-list=m32,m64,mx32 --enable-multilib --with-tune=generic --enable-checking=release --build=x86_64-linux-gnu --host=x86_64-linux-gnu --target=x86_64-linux-gnu]
  ignore line: [Thread model: posix]
  ignore line: [gcc version 5.4.0 20160609 (Ubuntu 5.4.0-6ubuntu1~16.04.5) ]
  ignore line: [COMPILER_PATH=/usr/lib/gcc/x86_64-linux-gnu/5/:/usr/lib/gcc/x86_64-linux-gnu/5/:/usr/lib/gcc/x86_64-linux-gnu/:/usr/lib/gcc/x86_64-linux-gnu/5/:/usr/lib/gcc/x86_64-linux-gnu/]
  ignore line: [LIBRARY_PATH=/usr/lib/gcc/x86_64-linux-gnu/5/:/usr/lib/gcc/x86_64-linux-gnu/5/../../../x86_64-linux-gnu/:/usr/lib/gcc/x86_64-linux-gnu/5/../../../../lib/:/lib/x86_64-linux-gnu/:/lib/../lib/:/usr/lib/x86_64-linux-gnu/:/usr/lib/../lib/:/usr/lib/gcc/x86_64-linux-gnu/5/../../../:/lib/:/usr/lib/]
  ignore line: [COLLECT_GCC_OPTIONS='-v' '-o' 'cmTC_57098' '-rdynamic' '-mtune=generic' '-march=x86-64']
  link line: [ /usr/lib/gcc/x86_64-linux-gnu/5/collect2 -plugin /usr/lib/gcc/x86_64-linux-gnu/5/liblto_plugin.so -plugin-opt=/usr/lib/gcc/x86_64-linux-gnu/5/lto-wrapper -plugin-opt=-fresolution=/tmp/ccs7Fob2.res -plugin-opt=-pass-through=-lgcc -plugin-opt=-pass-through=-lgcc_s -plugin-opt=-pass-through=-lc -plugin-opt=-pass-through=-lgcc -plugin-opt=-pass-through=-lgcc_s --sysroot=/ --build-id --eh-frame-hdr -m elf_x86_64 --hash-style=gnu --as-needed -export-dynamic -dynamic-linker /lib64/ld-linux-x86-64.so.2 -z relro -o cmTC_57098 /usr/lib/gcc/x86_64-linux-gnu/5/../../../x86_64-linux-gnu/crt1.o /usr/lib/gcc/x86_64-linux-gnu/5/../../../x86_64-linux-gnu/crti.o /usr/lib/gcc/x86_64-linux-gnu/5/crtbegin.o -L/usr/lib/gcc/x86_64-linux-gnu/5 -L/usr/lib/gcc/x86_64-linux-gnu/5/../../../x86_64-linux-gnu -L/usr/lib/gcc/x86_64-linux-gnu/5/../../../../lib -L/lib/x86_64-linux-gnu -L/lib/../lib -L/usr/lib/x86_64-linux-gnu -L/usr/lib/../lib -L/usr/lib/gcc/x86_64-linux-gnu/5/../../.. CMakeFiles/cmTC_57098.dir/CMakeCCompilerABI.c.o -lgcc --as-needed -lgcc_s --no-as-needed -lc -lgcc --as-needed -lgcc_s --no-as-needed /usr/lib/gcc/x86_64-linux-gnu/5/crtend.o /usr/lib/gcc/x86_64-linux-gnu/5/../../../x86_64-linux-gnu/crtn.o]
    arg [/usr/lib/gcc/x86_64-linux-gnu/5/collect2] ==> ignore
    arg [-plugin] ==> ignore
    arg [/usr/lib/gcc/x86_64-linux-gnu/5/liblto_plugin.so] ==> ignore
    arg [-plugin-opt=/usr/lib/gcc/x86_64-linux-gnu/5/lto-wrapper] ==> ignore
    arg [-plugin-opt=-fresolution=/tmp/ccs7Fob2.res] ==> ignore
    arg [-plugin-opt=-pass-through=-lgcc] ==> ignore
    arg [-plugin-opt=-pass-through=-lgcc_s] ==> ignore
    arg [-plugin-opt=-pass-through=-lc] ==> ignore
    arg [-plugin-opt=-pass-through=-lgcc] ==> ignore
    arg [-plugin-opt=-pass-through=-lgcc_s] ==> ignore
    arg [--sysroot=/] ==> ignore
    arg [--build-id] ==> ignore
    arg [--eh-frame-hdr] ==> ignore
    arg [-m] ==> ignore
    arg [elf_x86_64] ==> ignore
    arg [--hash-style=gnu] ==> ignore
    arg [--as-needed] ==> ignore
    arg [-export-dynamic] ==> ignore
    arg [-dynamic-linker] ==> ignore
    arg [/lib64/ld-linux-x86-64.so.2] ==> ignore
    arg [-zrelro] ==> ignore
    arg [-o] ==> ignore
    arg [cmTC_57098] ==> ignore
    arg [/usr/lib/gcc/x86_64-linux-gnu/5/../../../x86_64-linux-gnu/crt1.o] ==> ignore
    arg [/usr/lib/gcc/x86_64-linux-gnu/5/../../../x86_64-linux-gnu/crti.o] ==> ignore
    arg [/usr/lib/gcc/x86_64-linux-gnu/5/crtbegin.o] ==> ignore
    arg [-L/usr/lib/gcc/x86_64-linux-gnu/5] ==> dir [/usr/lib/gcc/x86_64-linux-gnu/5]
    arg [-L/usr/lib/gcc/x86_64-linux-gnu/5/../../../x86_64-linux-gnu] ==> dir [/usr/lib/gcc/x86_64-linux-gnu/5/../../../x86_64-linux-gnu]
    arg [-L/usr/lib/gcc/x86_64-linux-gnu/5/../../../../lib] ==> dir [/usr/lib/gcc/x86_64-linux-gnu/5/../../../../lib]
    arg [-L/lib/x86_64-linux-gnu] ==> dir [/lib/x86_64-linux-gnu]
    arg [-L/lib/../lib] ==> dir [/lib/../lib]
    arg [-L/usr/lib/x86_64-linux-gnu] ==> dir [/usr/lib/x86_64-linux-gnu]
    arg [-L/usr/lib/../lib] ==> dir [/usr/lib/../lib]
    arg [-L/usr/lib/gcc/x86_64-linux-gnu/5/../../..] ==> dir [/usr/lib/gcc/x86_64-linux-gnu/5/../../..]
    arg [CMakeFiles/cmTC_57098.dir/CMakeCCompilerABI.c.o] ==> ignore
    arg [-lgcc] ==> lib [gcc]
    arg [--as-needed] ==> ignore
    arg [-lgcc_s] ==> lib [gcc_s]
    arg [--no-as-needed] ==> ignore
    arg [-lc] ==> lib [c]
    arg [-lgcc] ==> lib [gcc]
    arg [--as-needed] ==> ignore
    arg [-lgcc_s] ==> lib [gcc_s]
    arg [--no-as-needed] ==> ignore
    arg [/usr/lib/gcc/x86_64-linux-gnu/5/crtend.o] ==> ignore
    arg [/usr/lib/gcc/x86_64-linux-gnu/5/../../../x86_64-linux-gnu/crtn.o] ==> ignore
  remove lib [gcc]
  remove lib [gcc_s]
  remove lib [gcc]
  remove lib [gcc_s]
  collapse library dir [/usr/lib/gcc/x86_64-linux-gnu/5] ==> [/usr/lib/gcc/x86_64-linux-gnu/5]
  collapse library dir [/usr/lib/gcc/x86_64-linux-gnu/5/../../../x86_64-linux-gnu] ==> [/usr/lib/x86_64-linux-gnu]
  collapse library dir [/usr/lib/gcc/x86_64-linux-gnu/5/../../../../lib] ==> [/usr/lib]
  collapse library dir [/lib/x86_64-linux-gnu] ==> [/lib/x86_64-linux-gnu]
  collapse library dir [/lib/../lib] ==> [/lib]
  collapse library dir [/usr/lib/x86_64-linux-gnu] ==> [/usr/lib/x86_64-linux-gnu]
  collapse library dir [/usr/lib/../lib] ==> [/usr/lib]
  collapse library dir [/usr/lib/gcc/x86_64-linux-gnu/5/../../..] ==> [/usr/lib]
  implicit libs: [c]
  implicit dirs: [/usr/lib/gcc/x86_64-linux-gnu/5;/usr/lib/x86_64-linux-gnu;/usr/lib;/lib/x86_64-linux-gnu;/lib]
  implicit fwks: []




Detecting C [-std=c11] compiler features compiled with the following output:
Change Dir: /media/kevinxiao/Data/Kevin/Documents/Repositories/CS488/cs488-assignments/shared/glfw-3.1.1/build/CMakeFiles/CMakeTmp

Run Build Command:"/usr/bin/make" "cmTC_5fcd4/fast"
/usr/bin/make -f CMakeFiles/cmTC_5fcd4.dir/build.make CMakeFiles/cmTC_5fcd4.dir/build
make[1]: Entering directory '/media/kevinxiao/Data/Kevin/Documents/Repositories/CS488/cs488-assignments/shared/glfw-3.1.1/build/CMakeFiles/CMakeTmp'
Building C object CMakeFiles/cmTC_5fcd4.dir/feature_tests.c.o
/usr/bin/cc    -std=c11 -o CMakeFiles/cmTC_5fcd4.dir/feature_tests.c.o   -c /media/kevinxiao/Data/Kevin/Documents/Repositories/CS488/cs488-assignments/shared/glfw-3.1.1/build/CMakeFiles/feature_tests.c
Linking C executable cmTC_5fcd4
/usr/bin/cmake -E cmake_link_script CMakeFiles/cmTC_5fcd4.dir/link.txt --verbose=1
/usr/bin/cc       CMakeFiles/cmTC_5fcd4.dir/feature_tests.c.o  -o cmTC_5fcd4 -rdynamic 
make[1]: Leaving directory '/media/kevinxiao/Data/Kevin/Documents/Repositories/CS488/cs488-assignments/shared/glfw-3.1.1/build/CMakeFiles/CMakeTmp'


    Feature record: C_FEATURE:1c_function_prototypes
    Feature record: C_FEATURE:1c_restrict
    Feature record: C_FEATURE:1c_static_assert
    Feature record: C_FEATURE:1c_variadic_macros


Detecting C [-std=c99] compiler features compiled with the following output:
Change Dir: /media/kevinxiao/Data/Kevin/Documents/Repositories/CS488/cs488-assignments/shared/glfw-3.1.1/build/CMakeFiles/CMakeTmp

Run Build Command:"/usr/bin/make" "cmTC_39088/fast"
/usr/bin/make -f CMakeFiles/cmTC_39088.dir/build.make CMakeFiles/cmTC_39088.dir/build
make[1]: Entering directory '/media/kevinxiao/Data/Kevin/Documents/Repositories/CS488/cs488-assignments/shared/glfw-3.1.1/build/CMakeFiles/CMakeTmp'
Building C object CMakeFiles/cmTC_39088.dir/feature_tests.c.o
/usr/bin/cc    -std=c99 -o CMakeFiles/cmTC_39088.dir/feature_tests.c.o   -c /media/kevinxiao/Data/Kevin/Documents/Repositories/CS488/cs488-assignments/shared/glfw-3.1.1/build/CMakeFiles/feature_tests.c
Linking C executable cmTC_39088
/usr/bin/cmake -E cmake_link_script CMakeFiles/cmTC_39088.dir/link.txt --verbose=1
/usr/bin/cc       CMakeFiles/cmTC_39088.dir/feature_tests.c.o  -o cmTC_39088 -rdynamic 
make[1]: Leaving directory '/media/kevinxiao/Data/Kevin/Documents/Repositories/CS488/cs488-assignments/shared/glfw-3.1.1/build/CMakeFiles/CMakeTmp'


    Feature record: C_FEATURE:1c_function_prototypes
    Feature record: C_FEATURE:1c_restrict
    Feature record: C_FEATURE:0c_static_assert
    Feature record: C_FEATURE:1c_variadic_macros


Detecting C [-std=c90] compiler features compiled with the following output:
Change Dir: /media/kevinxiao/Data/Kevin/Documents/Repositories/CS488/cs488-assignments/shared/glfw-3.1.1/build/CMakeFiles/CMakeTmp

Run Build Command:"/usr/bin/make" "cmTC_858e6/fast"
/usr/bin/make -f CMakeFiles/cmTC_858e6.dir/build.make CMakeFiles/cmTC_858e6.dir/build
make[1]: Entering directory '/media/kevinxiao/Data/Kevin/Documents/Repositories/CS488/cs488-assignments/shared/glfw-3.1.1/build/CMakeFiles/CMakeTmp'
Building C object CMakeFiles/cmTC_858e6.dir/feature_tests.c.o
/usr/bin/cc    -std=c90 -o CMakeFiles/cmTC_858e6.dir/feature_tests.c.o   -c /media/kevinxiao/Data/Kevin/Documents/Repositories/CS488/cs488-assignments/shared/glfw-3.1.1/build/CMakeFiles/feature_tests.c
Linking C executable cmTC_858e6
/usr/bin/cmake -E cmake_link_script CMakeFiles/cmTC_858e6.dir/link.txt --verbose=1
/usr/bin/cc       CMakeFiles/cmTC_858e6.dir/feature_tests.c.o  -o cmTC_858e6 -rdynamic 
make[1]: Leaving directory '/media/kevinxiao/Data/Kevin/Documents/Repositories/CS488/cs488-assignments/shared/glfw-3.1.1/build/CMakeFiles/CMakeTmp'


    Feature record: C_FEATURE:1c_function_prototypes
    Feature record: C_FEATURE:0c_restrict
    Feature record: C_FEATURE:0c_static_assert
    Feature record: C_FEATURE:0c_variadic_macros
Determining if the include file pthread.h exists passed with the following output:
Change Dir: /media/kevinxiao/Data/Kevin/Documents/Repositories/CS488/cs488-assignments/shared/glfw-3.1.1/build/CMakeFiles/CMakeTmp

Run Build Command:"/usr/bin/make" "cmTC_fd1e2/fast"
/usr/bin/make -f CMakeFiles/cmTC_fd1e2.dir/build.make CMakeFiles/cmTC_fd1e2.dir/build
make[1]: Entering directory '/media/kevinxiao/Data/Kevin/Documents/Repositories/CS488/cs488-assignments/shared/glfw-3.1.1/build/CMakeFiles/CMakeTmp'
Building C object CMakeFiles/cmTC_fd1e2.dir/CheckIncludeFile.c.o
/usr/bin/cc     -o CMakeFiles/cmTC_fd1e2.dir/CheckIncludeFile.c.o   -c /media/kevinxiao/Data/Kevin/Documents/Repositories/CS488/cs488-assignments/shared/glfw-3.1.1/build/CMakeFiles/CMakeTmp/CheckIncludeFile.c
Linking C executable cmTC_fd1e2
/usr/bin/cmake -E cmake_link_script CMakeFiles/cmTC_fd1e2.dir/link.txt --verbose=1
/usr/bin/cc       CMakeFiles/cmTC_fd1e2.dir/CheckIncludeFile.c.o  -o cmTC_fd1e2 -rdynamic 
make[1]: Leaving directory '/media/kevinxiao/Data/Kevin/Documents/Repositories/CS488/cs488-assignments/shared/glfw-3.1.1/build/CMakeFiles/CMakeTmp'


Determining if the function pthread_create exists in the pthread passed with the following output:
Change Dir: /media/kevinxiao/Data/Kevin/Documents/Repositories/CS488/cs488-assignments/shared/glfw-3.1.1/build/CMakeFiles/CMakeTmp

Run Build Command:"/usr/bin/make" "cmTC_c8bc1/fast"
/usr/bin/make -f CMakeFiles/cmTC_c8bc1.dir/build.make CMakeFiles/cmTC_c8bc1.dir/build
make[1]: Entering directory '/media/kevinxiao/Data/Kevin/Documents/Repositories/CS488/cs488-assignments/shared/glfw-3.1.1/build/CMakeFiles/CMakeTmp'
Building C object CMakeFiles/cmTC_c8bc1.dir/CheckFunctionExists.c.o
/usr/bin/cc    -DCHECK_FUNCTION_EXISTS=pthread_create   -o CMakeFiles/cmTC_c8bc1.dir/CheckFunctionExists.c.o   -c /usr/share/cmake-3.5/Modules/CheckFunctionExists.c
Linking C executable cmTC_c8bc1
/usr/bin/cmake -E cmake_link_script CMakeFiles/cmTC_c8bc1.dir/link.txt --verbose=1
/usr/bin/cc   -DCHECK_FUNCTION_EXISTS=pthread_create    CMakeFiles/cmTC_c8bc1.dir/CheckFunctionExists.c.o  -o cmTC_c8bc1 -rdynamic -lpthread 
make[1]: Leaving directory '/media/kevinxiao/Data/Kevin/Documents/Repositories/CS488/cs488-assignments/shared/glfw-3.1.1/build/CMakeFiles/CMakeTmp'


Determining if the function XOpenDisplay exists in the /usr/lib/x86_64-linux-gnu/libX11.so;/usr/lib/x86_64-linux-gnu/libXext.so passed with the following output:
Change Dir: /media/kevinxiao/Data/Kevin/Documents/Repositories/CS488/cs488-assignments/shared/glfw-3.1.1/build/CMakeFiles/CMakeTmp

Run Build Command:"/usr/bin/make" "cmTC_2c7f8/fast"
/usr/bin/make -f CMakeFiles/cmTC_2c7f8.dir/build.make CMakeFiles/cmTC_2c7f8.dir/build
make[1]: Entering directory '/media/kevinxiao/Data/Kevin/Documents/Repositories/CS488/cs488-assignments/shared/glfw-3.1.1/build/CMakeFiles/CMakeTmp'
Building C object CMakeFiles/cmTC_2c7f8.dir/CheckFunctionExists.c.o
/usr/bin/cc    -DCHECK_FUNCTION_EXISTS=XOpenDisplay   -o CMakeFiles/cmTC_2c7f8.dir/CheckFunctionExists.c.o   -c /usr/share/cmake-3.5/Modules/CheckFunctionExists.c
Linking C executable cmTC_2c7f8
/usr/bin/cmake -E cmake_link_script CMakeFiles/cmTC_2c7f8.dir/link.txt --verbose=1
/usr/bin/cc   -DCHECK_FUNCTION_EXISTS=XOpenDisplay    CMakeFiles/cmTC_2c7f8.dir/CheckFunctionExists.c.o  -o cmTC_2c7f8 -rdynamic /usr/lib/x86_64-linux-gnu/libX11.so /usr/lib/x86_64-linux-gnu/libXext.so 
make[1]: Leaving directory '/media/kevinxiao/Data/Kevin/Documents/Repositories/CS488/cs488-assignments/shared/glfw-3.1.1/build/CMakeFiles/CMakeTmp'


Determining if the function gethostbyname exists passed with the following output:
Change Dir: /media/kevinxiao/Data/Kevin/Documents/Repositories/CS488/cs488-assignments/shared/glfw-3.1.1/build/CMakeFiles/CMakeTmp

Run Build Command:"/usr/bin/make" "cmTC_06218/fast"
/usr/bin/make -f CMakeFiles/cmTC_06218.dir/build.make CMakeFiles/cmTC_06218.dir/build
make[1]: Entering directory '/media/kevinxiao/Data/Kevin/Documents/Repositories/CS488/cs488-assignments/shared/glfw-3.1.1/build/CMakeFiles/CMakeTmp'
Building C object CMakeFiles/cmTC_06218.dir/CheckFunctionExists.c.o
/usr/bin/cc    -DCHECK_FUNCTION_EXISTS=gethostbyname   -o CMakeFiles/cmTC_06218.dir/CheckFunctionExists.c.o   -c /usr/share/cmake-3.5/Modules/CheckFunctionExists.c
Linking C executable cmTC_06218
/usr/bin/cmake -E cmake_link_script CMakeFiles/cmTC_06218.dir/link.txt --verbose=1
/usr/bin/cc   -DCHECK_FUNCTION_EXISTS=gethostbyname    CMakeFiles/cmTC_06218.dir/CheckFunctionExists.c.o  -o cmTC_06218 -rdynamic 
make[1]: Leaving directory '/media/kevinxiao/Data/Kevin/Documents/Repositories/CS488/cs488-assignments/shared/glfw-3.1.1/build/CMakeFiles/CMakeTmp'


Determining if the function connect exists passed with the following output:
Change Dir: /media/kevinxiao/Data/Kevin/Documents/Repositories/CS488/cs488-assignments/shared/glfw-3.1.1/build/CMakeFiles/CMakeTmp

Run Build Command:"/usr/bin/make" "cmTC_667aa/fast"
/usr/bin/make -f CMakeFiles/cmTC_667aa.dir/build.make CMakeFiles/cmTC_667aa.dir/build
make[1]: Entering directory '/media/kevinxiao/Data/Kevin/Documents/Repositories/CS488/cs488-assignments/shared/glfw-3.1.1/build/CMakeFiles/CMakeTmp'
Building C object CMakeFiles/cmTC_667aa.dir/CheckFunctionExists.c.o
/usr/bin/cc    -DCHECK_FUNCTION_EXISTS=connect   -o CMakeFiles/cmTC_667aa.dir/CheckFunctionExists.c.o   -c /usr/share/cmake-3.5/Modules/CheckFunctionExists.c
Linking C executable cmTC_667aa
/usr/bin/cmake -E cmake_link_script CMakeFiles/cmTC_667aa.dir/link.txt --verbose=1
/usr/bin/cc   -DCHECK_FUNCTION_EXISTS=connect    CMakeFiles/cmTC_667aa.dir/CheckFunctionExists.c.o  -o cmTC_667aa -rdynamic 
make[1]: Leaving directory '/media/kevinxiao/Data/Kevin/Documents/Repositories/CS488/cs488-assignments/shared/glfw-3.1.1/build/CMakeFiles/CMakeTmp'


Determining if the function remove exists passed with the following output:
Change Dir: /media/kevinxiao/Data/Kevin/Documents/Repositories/CS488/cs488-assignments/shared/glfw-3.1.1/build/CMakeFiles/CMakeTmp

Run Build Command:"/usr/bin/make" "cmTC_8ce42/fast"
/usr/bin/make -f CMakeFiles/cmTC_8ce42.dir/build.make CMakeFiles/cmTC_8ce42.dir/build
make[1]: Entering directory '/media/kevinxiao/Data/Kevin/Documents/Repositories/CS488/cs488-assignments/shared/glfw-3.1.1/build/CMakeFiles/CMakeTmp'
Building C object CMakeFiles/cmTC_8ce42.dir/CheckFunctionExists.c.o
/usr/bin/cc    -DCHECK_FUNCTION_EXISTS=remove   -o CMakeFiles/cmTC_8ce42.dir/CheckFunctionExists.c.o   -c /usr/share/cmake-3.5/Modules/CheckFunctionExists.c
Linking C executable cmTC_8ce42
/usr/bin/cmake -E cmake_link_script CMakeFiles/cmTC_8ce42.dir/link.txt --verbose=1
/usr/bin/cc   -DCHECK_FUNCTION_EXISTS=remove    CMakeFiles/cmTC_8ce42.dir/CheckFunctionExists.c.o  -o cmTC_8ce42 -rdynamic 
make[1]: Leaving directory '/media/kevinxiao/Data/Kevin/Documents/Repositories/CS488/cs488-assignments/shared/glfw-3.1.1/build/CMakeFiles/CMakeTmp'


Determining if the function shmat exists passed with the following output:
Change Dir: /media/kevinxiao/Data/Kevin/Documents/Repositories/CS488/cs488-assignments/shared/glfw-3.1.1/build/CMakeFiles/CMakeTmp

Run Build Command:"/usr/bin/make" "cmTC_e2d6d/fast"
/usr/bin/make -f CMakeFiles/cmTC_e2d6d.dir/build.make CMakeFiles/cmTC_e2d6d.dir/build
make[1]: Entering directory '/media/kevinxiao/Data/Kevin/Documents/Repositories/CS488/cs488-assignments/shared/glfw-3.1.1/build/CMakeFiles/CMakeTmp'
Building C object CMakeFiles/cmTC_e2d6d.dir/CheckFunctionExists.c.o
/usr/bin/cc    -DCHECK_FUNCTION_EXISTS=shmat   -o CMakeFiles/cmTC_e2d6d.dir/CheckFunctionExists.c.o   -c /usr/share/cmake-3.5/Modules/CheckFunctionExists.c
Linking C executable cmTC_e2d6d
/usr/bin/cmake -E cmake_link_script CMakeFiles/cmTC_e2d6d.dir/link.txt --verbose=1
/usr/bin/cc   -DCHECK_FUNCTION_EXISTS=shmat    CMakeFiles/cmTC_e2d6d.dir/CheckFunctionExists.c.o  -o cmTC_e2d6d -rdynamic 
make[1]: Leaving directory '/media/kevinxiao/Data/Kevin/Documents/Repositories/CS488/cs488-assignments/shared/glfw-3.1.1/build/CMakeFiles/CMakeTmp'


Determining if the function IceConnectionNumber exists in the ICE passed with the following output:
Change Dir: /media/kevinxiao/Data/Kevin/Documents/Repositories/CS488/cs488-assignments/shared/glfw-3.1.1/build/CMakeFiles/CMakeTmp

Run Build Command:"/usr/bin/make" "cmTC_1a24c/fast"
/usr/bin/make -f CMakeFiles/cmTC_1a24c.dir/build.make CMakeFiles/cmTC_1a24c.dir/build
make[1]: Entering directory '/media/kevinxiao/Data/Kevin/Documents/Repositories/CS488/cs488-assignments/shared/glfw-3.1.1/build/CMakeFiles/CMakeTmp'
Building C object CMakeFiles/cmTC_1a24c.dir/CheckFunctionExists.c.o
/usr/bin/cc    -DCHECK_FUNCTION_EXISTS=IceConnectionNumber   -o CMakeFiles/cmTC_1a24c.dir/CheckFunctionExists.c.o   -c /usr/share/cmake-3.5/Modules/CheckFunctionExists.c
Linking C executable cmTC_1a24c
/usr/bin/cmake -E cmake_link_script CMakeFiles/cmTC_1a24c.dir/link.txt --verbose=1
/usr/bin/cc   -DCHECK_FUNCTION_EXISTS=IceConnectionNumber    CMakeFiles/cmTC_1a24c.dir/CheckFunctionExists.c.o  -o cmTC_1a24c -rdynamic -lICE 
make[1]: Leaving directory '/media/kevinxiao/Data/Kevin/Documents/Repositories/CS488/cs488-assignments/shared/glfw-3.1.1/build/CMakeFiles/CMakeTmp'


Determining if the function glXGetProcAddress exists passed with the following output:
Change Dir: /media/kevinxiao/Data/Kevin/Documents/Repositories/CS488/cs488-assignments/shared/glfw-3.1.1/build/CMakeFiles/CMakeTmp

Run Build Command:"/usr/bin/make" "cmTC_9f404/fast"
/usr/bin/make -f CMakeFiles/cmTC_9f404.dir/build.make CMakeFiles/cmTC_9f404.dir/build
make[1]: Entering directory '/media/kevinxiao/Data/Kevin/Documents/Repositories/CS488/cs488-assignments/shared/glfw-3.1.1/build/CMakeFiles/CMakeTmp'
Building C object CMakeFiles/cmTC_9f404.dir/CheckFunctionExists.c.o
/usr/bin/cc    -DCHECK_FUNCTION_EXISTS=glXGetProcAddress   -o CMakeFiles/cmTC_9f404.dir/CheckFunctionExists.c.o   -c /usr/share/cmake-3.5/Modules/CheckFunctionExists.c
Linking C executable cmTC_9f404
/usr/bin/cmake -E cmake_link_script CMakeFiles/cmTC_9f404.dir/link.txt --verbose=1
/usr/bin/cc   -DCHECK_FUNCTION_EXISTS=glXGetProcAddress    CMakeFiles/cmTC_9f404.dir/CheckFunctionExists.c.o  -o cmTC_9f404 -rdynamic /usr/lib/x86_64-linux-gnu/libGL.so 
make[1]: Leaving directory '/media/kevinxiao/Data/Kevin/Documents/Repositories/CS488/cs488-assignments/shared/glfw-3.1.1/build/CMakeFiles/CMakeTmp'


Determining if the function glXGetProcAddressARB exists passed with the following output:
Change Dir: /media/kevinxiao/Data/Kevin/Documents/Repositories/CS488/cs488-assignments/shared/glfw-3.1.1/build/CMakeFiles/CMakeTmp

Run Build Command:"/usr/bin/make" "cmTC_45e5e/fast"
/usr/bin/make -f CMakeFiles/cmTC_45e5e.dir/build.make CMakeFiles/cmTC_45e5e.dir/build
make[1]: Entering directory '/media/kevinxiao/Data/Kevin/Documents/Repositories/CS488/cs488-assignments/shared/glfw-3.1.1/build/CMakeFiles/CMakeTmp'
Building C object CMakeFiles/cmTC_45e5e.dir/CheckFunctionExists.c.o
/usr/bin/cc    -DCHECK_FUNCTION_EXISTS=glXGetProcAddressARB   -o CMakeFiles/cmTC_45e5e.dir/CheckFunctionExists.c.o   -c /usr/share/cmake-3.5/Modules/CheckFunctionExists.c
Linking C executable cmTC_45e5e
/usr/bin/cmake -E cmake_link_script CMakeFiles/cmTC_45e5e.dir/link.txt --verbose=1
/usr/bin/cc   -DCHECK_FUNCTION_EXISTS=glXGetProcAddressARB    CMakeFiles/cmTC_45e5e.dir/CheckFunctionExists.c.o  -o cmTC_45e5e -rdynamic /usr/lib/x86_64-linux-gnu/libGL.so 
make[1]: Leaving directory '/media/kevinxiao/Data/Kevin/Documents/Repositories/CS488/cs488-assignments/shared/glfw-3.1.1/build/CMakeFiles/CMakeTmp'


